[0mGET /products [32m200 [0m6.752 ms - 6399[0m
[0mPOST /contacts/add [32m200 [0m15.715 ms - 128[0m
[0mGET /products [32m200 [0m5.943 ms - 6399[0m
[0mGET /products [32m200 [0m1.186 ms - 6399[0m
[0mGET /products [32m200 [0m7.292 ms - 6399[0m
[0mPOST /contacts/add [32m200 [0m18.686 ms - 128[0m
[0mGET /products [36m304 [0m1.176 ms - -[0m
[0mGET /contacts [32m200 [0m2.208 ms - 3232[0m
[0mPOST /contacts/add [32m200 [0m1.672 ms - 128[0m
[0mGET /products [36m304 [0m1.189 ms - -[0m
[0mGET /products [36m304 [0m1.129 ms - -[0m
[0mPOST /contacts/add [32m200 [0m1.535 ms - 128[0m
[0mGET /products [36m304 [0m1.418 ms - -[0m
[0mPOST /contacts/add [32m200 [0m2.601 ms - 128[0m
[0mGET /products [36m304 [0m1.294 ms - -[0m
[0mPOST /contacts/add [32m200 [0m1.439 ms - 128[0m
[0mGET /products [36m304 [0m1.452 ms - -[0m
[0mGET /products [36m304 [0m6.682 ms - -[0m
[0mGET /products [36m304 [0m1.673 ms - -[0m
[0mGET /products [36m304 [0m1.078 ms - -[0m
[0mGET /products [36m304 [0m1.040 ms - -[0m
[0mGET /products [36m304 [0m1.874 ms - -[0m
[0mGET /products [36m304 [0m1.027 ms - -[0m
[0mPOST /contacts/add [32m200 [0m14.176 ms - 128[0m
[0mGET /babel/parser/lib/index.js [33m404 [0m4.830 ms - 164[0m
[0mGET /babel/core/lib/transformation/normalize-file.js [33m404 [0m0.514 ms - 186[0m
[0mGET /babel/core/lib/transformation/index.js [33m404 [0m0.334 ms - 177[0m
[0mGET /products [36m304 [0m5.455 ms - -[0m
[0mGET /products [36m304 [0m1.236 ms - -[0m
[0mGET /products [36m304 [0m0.951 ms - -[0m
[0mGET /products [36m304 [0m4.444 ms - -[0m
[0mPOST /contacts/add [32m200 [0m15.563 ms - 128[0m
[0mGET /products [36m304 [0m5.008 ms - -[0m
[0mPOST /contacts/add [32m200 [0m15.536 ms - 128[0m
[0mGET /products [36m304 [0m5.550 ms - -[0m
[0mGET /products [36m304 [0m4.879 ms - -[0m
[0mGET /products [32m200 [0m5.495 ms - 6399[0m
[0mGET /products [36m304 [0m2.037 ms - -[0m
[0mGET /products [36m304 [0m5.923 ms - -[0m
[0mGET /products [36m304 [0m4.758 ms - -[0m
[0mGET /products [32m200 [0m5.730 ms - 6399[0m
[0mGET /products [36m304 [0m5.290 ms - -[0m
[0mPOST /contacts/add [0m- [0m- ms - -[0m
[0mPOST /contacts/add [0m- [0m- ms - -[0m
[0mGET /products [36m304 [0m1.223 ms - -[0m
[0mGET /products [36m304 [0m8.434 ms - -[0m
[0mGET /products [36m304 [0m1.515 ms - -[0m
[0mGET /products [36m304 [0m1.478 ms - -[0m
[0mGET /products [36m304 [0m1.007 ms - -[0m
[0mGET /products [36m304 [0m1.111 ms - -[0m
[0mGET /products [36m304 [0m1.020 ms - -[0m
[0mPOST /contacts/add [0m- [0m- ms - -[0m
[0mGET /products [32m200 [0m4.882 ms - 6399[0m
[0mPOST /contacts/add [0m- [0m- ms - -[0m
[0mGET /products [36m304 [0m1.122 ms - -[0m
[0mPOST /contacts/add [0m- [0m- ms - -[0m
[0mGET /products [36m304 [0m1.605 ms - -[0m
[0mGET /products [36m304 [0m0.991 ms - -[0m
[0mGET /products [36m304 [0m0.969 ms - -[0m
[0mGET /products [36m304 [0m8.605 ms - -[0m
[0mPOST /contacts/add [32m200 [0m15.059 ms - -[0m
[0mGET /products [36m304 [0m1.634 ms - -[0m
[0mPOST /contacts/add [32m200 [0m0.749 ms - -[0m
[0mGET /products [36m304 [0m1.242 ms - -[0m
[0mPOST /contacts/add [32m200 [0m0.517 ms - -[0m
[0mGET /products [36m304 [0m1.191 ms - -[0m
[0mPOST /contacts/add [32m200 [0m0.432 ms - -[0m
[0mGET /products [36m304 [0m1.351 ms - -[0m
[0mGET /products [36m304 [0m2.022 ms - -[0m
[0mGET /products [36m304 [0m1.038 ms - -[0m
[0mGET /products [36m304 [0m1.456 ms - -[0m
[0mPOST / [33m404 [0m1.992 ms - 140[0m
[0mPOST / [33m404 [0m0.363 ms - 140[0m
[0mGET /products [36m304 [0m1.267 ms - -[0m
[0mGET /products [36m304 [0m1.460 ms - -[0m
[0mPOST /contact [33m404 [0m0.349 ms - 147[0m
[0mPOST /contact [33m404 [0m0.255 ms - 147[0m
[0mGET /products [36m304 [0m1.689 ms - -[0m
[0mGET /products [36m304 [0m1.410 ms - -[0m
[0mGET /products [36m304 [0m5.521 ms - -[0m
[0mGET /products [36m304 [0m2.083 ms - -[0m
[0mGET /products [36m304 [0m2.016 ms - -[0m
[0mGET /products [36m304 [0m1.754 ms - -[0m
[0mGET /products [36m304 [0m1.991 ms - -[0m
[0mGET /products [36m304 [0m1.541 ms - -[0m
[0mGET /products [36m304 [0m1.512 ms - -[0m
[0mGET /products [36m304 [0m1.363 ms - -[0m
[0mGET /products [36m304 [0m1.236 ms - -[0m
[0mGET /products [36m304 [0m1.396 ms - -[0m
[0mGET /products [36m304 [0m11.002 ms - -[0m
[0mPOST /contacts/add [32m200 [0m1.006 ms - -[0m
[0mPOST /contacts/add [32m200 [0m0.486 ms - -[0m
[0mGET /products [36m304 [0m1.305 ms - -[0m
[0mGET /products [36m304 [0m2.102 ms - -[0m
[0mGET /products [36m304 [0m1.395 ms - -[0m
[0mPOST /contacts/add [32m200 [0m0.436 ms - -[0m
[0mGET /products [36m304 [0m1.040 ms - -[0m
[0mGET /products [36m304 [0m4.742 ms - -[0m
[0mPOST /contacts/add [31m500 [0m13.164 ms - 1477[0m
[0mGET /products [36m304 [0m6.669 ms - -[0m
[0mPOST /contacts/add [32m200 [0m14.121 ms - -[0m
[0mPOST /contacts/add [32m200 [0m16.623 ms - -[0m
[0mPOST /contacts/add [32m200 [0m14.124 ms - -[0m
[0mGET /products [36m304 [0m6.380 ms - -[0m
[0mPOST /contacts/add [31m500 [0m18.427 ms - 1442[0m
[0mGET /products [32m200 [0m5.678 ms - 6399[0m
[0mPOST /contacts/add [31m500 [0m17.805 ms - 1486[0m
[0mPOST /contacts/add [31m500 [0m14.599 ms - 1478[0m
[0mPOST /contacts/add [32m200 [0m11.973 ms - -[0m
[0mGET /products [36m304 [0m5.849 ms - -[0m
[0mPOST /contacts/add [32m200 [0m11.126 ms - -[0m
[0mGET /products [36m304 [0m1.641 ms - -[0m
[0mPOST /contacts/add [32m200 [0m0.512 ms - -[0m
[0mGET /products [36m304 [0m0.962 ms - -[0m
[0mGET /products [36m304 [0m6.589 ms - -[0m
[0mGET /products [36m304 [0m9.148 ms - -[0m
[0mGET /products [32m200 [0m5.546 ms - 6399[0m
[0mGET /products [32m200 [0m6.496 ms - 6399[0m
[0mGET /producttypefilter/watch [32m200 [0m1.676 ms - 492[0m
[0mGET /producttypefilter/play%20console [36m304 [0m0.997 ms - -[0m
[0mGET /producttypefilter/speakers [36m304 [0m0.722 ms - -[0m
[0mGET /productpricefilter/more [36m304 [0m1.213 ms - -[0m
[0mGET /productpricefilter/less [36m304 [0m0.839 ms - -[0m
[0mPOST /contacts/add [32m200 [0m14.808 ms - -[0m
[0mGET /products [36m304 [0m1.594 ms - -[0m
[0mPOST /contacts/add [32m200 [0m0.790 ms - -[0m
[0mGET /products [36m304 [0m1.649 ms - -[0m
[0mGET /products [32m200 [0m1.017 ms - 6399[0m
[0mGET /producttypefilter/watch [36m304 [0m1.060 ms - -[0m
[0mGET /producttypefilter/phone [32m200 [0m0.790 ms - 484[0m
[0mGET /productpricefilter/more [36m304 [0m0.895 ms - -[0m
[0mGET /products [36m304 [0m5.287 ms - -[0m
[0mGET /products [32m200 [0m6.369 ms - 6399[0m
[0mGET /products [32m200 [0m5.393 ms - 6399[0m
[0mGET /products [32m200 [0m1.896 ms - 6399[0m
[0mGET /products [32m200 [0m1.230 ms - 6399[0m
[0mGET /products [32m200 [0m1.368 ms - 6399[0m
[0mGET /products [32m200 [0m7.901 ms - 6399[0m
[0mPOST /contacts/add [32m200 [0m13.658 ms - -[0m
[0mGET /products [36m304 [0m2.362 ms - -[0m
[0mGET /products [32m200 [0m6.019 ms - 6399[0m
[0mGET /products [32m200 [0m3.279 ms - 6399[0m
